2022-11-26-TestNG-method=sauceTest-1--INFO -com.testingservice.tests.saucedemo.InventoryTest:Test Start
2022-11-26-TestNG-method=sauceTest-1--INFO -com.testingservice.tests.saucedemo.InventoryTest:Number of products: 6
2022-11-26-TestNG-method=sauceTest-1--INFO -com.testingservice.tests.saucedemo.InventoryTest:ExpectedNumber: 6
2022-11-26-TestNG-method=sauceTest-1--INFO -com.testingservice.tests.saucedemo.InventoryTest:ActualNumber: 6
2022-11-26-TestNG-method=sauceTest-1--INFO -com.testingservice.tests.saucedemo.InventoryTest:ExpectedTitle: YOUR CART
2022-11-26-TestNG-method=sauceTest-1--INFO -com.testingservice.tests.saucedemo.InventoryTest:ActualTitle: YOUR CART
2022-11-26-TestNG-method=sauceTest-1--INFO -com.testingservice.tests.saucedemo.InventoryTest:Test Finished
2022-11-26-TestNG-method=sauceTest-1--INFO -com.testingservice.tests.saucedemo.CartTest:Test Start
2022-11-26-TestNG-method=sauceTest-1--INFO -com.testingservice.tests.saucedemo.CartTest:Number of products in cart before delete: 6
2022-11-26-TestNG-method=sauceTest-1--INFO -com.testingservice.tests.saucedemo.CartTest:ExpectedNumber: 5
2022-11-26-TestNG-method=sauceTest-1--INFO -com.testingservice.tests.saucedemo.CartTest:ActualNumber: 5
2022-11-26-TestNG-method=sauceTest-1--INFO -com.testingservice.tests.saucedemo.CartTest:ExpectedTitle: CHECKOUT: YOUR INFORMATION
2022-11-26-TestNG-method=sauceTest-1--INFO -com.testingservice.tests.saucedemo.CartTest:ActualTitle: CHECKOUT: YOUR INFORMATION
2022-11-26-TestNG-method=sauceTest-1--INFO -com.testingservice.tests.saucedemo.CartTest:Test Finished
2022-11-26-TestNG-method=sauceTest-1--INFO -com.testingservice.tests.saucedemo.LoginTest:Test Start
2022-11-26-TestNG-method=sauceTest-1--INFO -com.testingservice.tests.saucedemo.LoginTest:ExpectedTitle: PRODUCTS
2022-11-26-TestNG-method=sauceTest-1--INFO -com.testingservice.tests.saucedemo.LoginTest:ActualTitle: PRODUCTS
2022-11-26-TestNG-method=sauceTest-1--INFO -com.testingservice.tests.saucedemo.LoginTest:Test Finished
2022-12-01-TestNG-method=sauceTest-1--INFO -com.testingservice.tests.saucedemo.CartTest:Test Start
2022-12-01-TestNG-method=sauceTest-1--INFO -com.testingservice.tests.saucedemo.CartTest:Number of products in cart before delete: 6
2022-12-01-TestNG-method=sauceTest-1--INFO -com.testingservice.tests.saucedemo.CartTest:ExpectedNumber: 5
2022-12-01-TestNG-method=sauceTest-1--INFO -com.testingservice.tests.saucedemo.CartTest:ActualNumber: 5
2022-12-01-TestNG-method=sauceTest-1--INFO -com.testingservice.tests.saucedemo.CartTest:ExpectedTitle: CHECKOUT: YOUR INFORMATION
2022-12-01-TestNG-method=sauceTest-1--INFO -com.testingservice.tests.saucedemo.CartTest:ActualTitle: CHECKOUT: YOUR INFORMATION
2022-12-01-TestNG-method=sauceTest-1--INFO -com.testingservice.tests.saucedemo.CartTest:Test Finished
2022-12-01-TestNG-method=sauceTest-1--INFO -com.testingservice.tests.saucedemo.InventoryTest:Test Start
2022-12-01-TestNG-method=sauceTest-1--INFO -com.testingservice.tests.saucedemo.InventoryTest:Number of products: 6
2022-12-01-TestNG-method=sauceTest-1--INFO -com.testingservice.tests.saucedemo.InventoryTest:ExpectedNumber: 6
2022-12-01-TestNG-method=sauceTest-1--INFO -com.testingservice.tests.saucedemo.InventoryTest:ActualNumber: 6
2022-12-01-TestNG-method=sauceTest-1--INFO -com.testingservice.tests.saucedemo.InventoryTest:ExpectedTitle: YOUR CART
2022-12-01-TestNG-method=sauceTest-1--INFO -com.testingservice.tests.saucedemo.InventoryTest:ActualTitle: YOUR CART
2022-12-01-TestNG-method=sauceTest-1--INFO -com.testingservice.tests.saucedemo.InventoryTest:Test Finished
2022-12-01-TestNG-method=sauceTest-1--INFO -com.testingservice.tests.saucedemo.LoginTest:Test Start
2022-12-01-TestNG-method=sauceTest-1--INFO -com.testingservice.tests.saucedemo.LoginTest:ExpectedTitle: PRODUCTS
2022-12-01-TestNG-method=sauceTest-1--INFO -com.testingservice.tests.saucedemo.LoginTest:ActualTitle: PRODUCTS
2022-12-01-TestNG-method=sauceTest-1--INFO -com.testingservice.tests.saucedemo.LoginTest:Test Finished
2022-12-04-main--INFO -com.testingservice.tests.saucedemo.LoginTest:Actual response: 200
2022-12-04-main--INFO -com.testingservice.tests.saucedemo.LoginTest:Expected response: 200
2022-12-04-main--INFO -com.testingservice.tests.saucedemo.LoginTest:Case Start: accountAuthorized
2022-12-04-main--INFO -com.testingservice.tests.saucedemo.LoginTest:Case Start: accountAuthorized
2022-12-04-main--INFO -com.testingservice.tests.saucedemo.LoginTest:Actual response: 200
2022-12-04-main--INFO -com.testingservice.tests.saucedemo.LoginTest:Expected response: 200
2022-12-04-main--INFO -com.testingservice.tests.saucedemo.LoginTest:Case Finished: accountAuthorized
2022-12-04-main--INFO -com.testingservice.tests.saucedemo.LoginTest:Case Start: accountAuthorized
2022-12-04-main--INFO -com.testingservice.tests.saucedemo.LoginTest:Actual response: 200
2022-12-04-main--INFO -com.testingservice.tests.saucedemo.LoginTest:Expected response: 200
2022-12-04-main--INFO -com.testingservice.tests.saucedemo.LoginTest:okhttp3.internal.http.RealResponseBody@52c3cb31
2022-12-04-main--INFO -com.testingservice.tests.saucedemo.LoginTest:Case Finished: accountAuthorized
2022-12-04-main--INFO -com.testingservice.tests.saucedemo.LoginTest:Case Start: accountAuthorized
2022-12-04-main--INFO -com.testingservice.tests.saucedemo.LoginTest:Actual response: 200
2022-12-04-main--INFO -com.testingservice.tests.saucedemo.LoginTest:Expected response: 200
2022-12-04-main--INFO -com.testingservice.tests.saucedemo.LoginTest:OK
2022-12-04-main--INFO -com.testingservice.tests.saucedemo.LoginTest:Case Finished: accountAuthorized
2022-12-04-main--INFO -com.testingservice.tests.saucedemo.LoginTest:Case Start: accountAuthorized
2022-12-04-main--INFO -com.testingservice.tests.saucedemo.LoginTest:Actual response: 404
2022-12-04-main--INFO -com.testingservice.tests.saucedemo.LoginTest:Expected response: 200
2022-12-04-main--INFO -com.testingservice.tests.saucedemo.LoginTest:Case Start: accountAuthorized
2022-12-04-main--INFO -com.testingservice.tests.saucedemo.LoginTest:Actual response: 200
2022-12-04-main--INFO -com.testingservice.tests.saucedemo.LoginTest:Expected response: 200
2022-12-04-main--INFO -com.testingservice.tests.saucedemo.LoginTest:Response message: OK
2022-12-04-main--INFO -com.testingservice.tests.saucedemo.LoginTest:Case Finished: accountAuthorized
2022-12-04-main--INFO -com.testingservice.tests.saucedemo.LoginTest:Case Start: accountAuthorized
2022-12-04-main--INFO -com.testingservice.tests.saucedemo.LoginTest:Response Successful: true
2022-12-04-main--INFO -com.testingservice.tests.saucedemo.LoginTest:Response message: OK
2022-12-04-main--INFO -com.testingservice.tests.saucedemo.LoginTest:Case Finished: accountAuthorized
2022-12-04-main--INFO -com.testingservice.tests.saucedemo.LoginTest:Case Start: accountAuthorized
2022-12-04-main--INFO -com.testingservice.tests.saucedemo.LoginTest:Response Is Successful: true
2022-12-04-main--INFO -com.testingservice.tests.saucedemo.LoginTest:Response message: OK
2022-12-04-main--INFO -com.testingservice.tests.saucedemo.LoginTest:Case Finished: accountAuthorized
2022-12-04-main--INFO -com.testingservice.tests.saucedemo.LoginTest:Case Start: accountAuthorized
2022-12-04-main--INFO -com.testingservice.tests.saucedemo.LoginTest:Response Is Successful: true
2022-12-04-main--INFO -com.testingservice.tests.saucedemo.LoginTest:Response Code: 200
2022-12-04-main--INFO -com.testingservice.tests.saucedemo.LoginTest:Response Message: OK
2022-12-04-main--INFO -com.testingservice.tests.saucedemo.LoginTest:Case Finished: accountAuthorized
2022-12-04-main--INFO -com.testingservice.tests.saucedemo.LoginTest:Case Start: GenerateToken
2022-12-04-main--INFO -com.testingservice.tests.saucedemo.LoginTest:Response Is Successful: true
2022-12-04-main--INFO -com.testingservice.tests.saucedemo.LoginTest:Response Code: 200
2022-12-04-main--INFO -com.testingservice.tests.saucedemo.LoginTest:Response Message: OK
2022-12-04-main--INFO -com.testingservice.tests.saucedemo.LoginTest:Case Finished: GenerateToken
2022-12-04-main--INFO -com.testingservice.tests.saucedemo.LoginTest:Case Start: GenerateToken
2022-12-04-main--INFO -com.testingservice.tests.saucedemo.LoginTest:Response Is Successful: true
2022-12-04-main--INFO -com.testingservice.tests.saucedemo.LoginTest:Response Code: 200
2022-12-04-main--INFO -com.testingservice.tests.saucedemo.LoginTest:Response Message: OK
2022-12-04-main--INFO -com.testingservice.tests.saucedemo.LoginTest:Response Body: okhttp3.internal.http.RealResponseBody@5460cf3a
2022-12-04-main--INFO -com.testingservice.tests.saucedemo.LoginTest:Case Finished: GenerateToken
2022-12-04-main--INFO -com.testingservice.tests.saucedemo.LoginTest:Case Start: GenerateToken
2022-12-04-main--INFO -com.testingservice.tests.saucedemo.LoginTest:Response Is Successful: true
2022-12-04-main--INFO -com.testingservice.tests.saucedemo.LoginTest:Response Code: 200
2022-12-04-main--INFO -com.testingservice.tests.saucedemo.LoginTest:Response Message: OK
2022-12-04-main--INFO -com.testingservice.tests.saucedemo.LoginTest:Response Body: Response{protocol=http/1.1, code=200, message=OK, url=https://demoqa.com/Account/v1/GenerateToken}
2022-12-04-main--INFO -com.testingservice.tests.saucedemo.LoginTest:Case Finished: GenerateToken
2022-12-04-main--INFO -com.testingservice.tests.saucedemo.LoginTest:Case Start: GenerateToken
2022-12-04-main--INFO -com.testingservice.tests.saucedemo.LoginTest:Response Protocol: http/1.1
2022-12-04-main--INFO -com.testingservice.tests.saucedemo.LoginTest:Response Is Successful: true
2022-12-04-main--INFO -com.testingservice.tests.saucedemo.LoginTest:Response Code: 200
2022-12-04-main--INFO -com.testingservice.tests.saucedemo.LoginTest:Response Message: OK
2022-12-04-main--INFO -com.testingservice.tests.saucedemo.LoginTest:Case Finished: GenerateToken
2022-12-04-main--INFO -com.testingservice.tests.saucedemo.LoginTest:Case Start: GenerateToken
2022-12-04-main--INFO -com.testingservice.tests.saucedemo.LoginTest:Response Protocol: http/1.1
2022-12-04-main--INFO -com.testingservice.tests.saucedemo.LoginTest:Response Is Successful: true
2022-12-04-main--INFO -com.testingservice.tests.saucedemo.LoginTest:Response Code: 200
2022-12-04-main--INFO -com.testingservice.tests.saucedemo.LoginTest:Response Message: OK
2022-12-04-main--INFO -com.testingservice.tests.saucedemo.LoginTest:Case Finished: GenerateToken
2022-12-04-main--INFO -com.testingservice.tests.saucedemo.LoginTest:Case Start: GenerateToken
2022-12-04-main--INFO -com.testingservice.tests.saucedemo.LoginTest:Response Protocol: http/1.1
2022-12-04-main--INFO -com.testingservice.tests.saucedemo.LoginTest:Response Is Successful: true
2022-12-04-main--INFO -com.testingservice.tests.saucedemo.LoginTest:Response Code: 200
2022-12-04-main--INFO -com.testingservice.tests.saucedemo.LoginTest:Response Message: OK
2022-12-04-main--INFO -com.testingservice.tests.saucedemo.LoginTest:Case Finished: GenerateToken
2022-12-04-main--INFO -com.testingservice.tests.saucedemo.LoginTest:Case Start: GenerateToken
2022-12-04-main--INFO -com.testingservice.tests.saucedemo.LoginTest:Response Protocol: http/1.1
2022-12-04-main--INFO -com.testingservice.tests.saucedemo.LoginTest:Response Is Successful: true
2022-12-04-main--INFO -com.testingservice.tests.saucedemo.LoginTest:Response Code: 200
2022-12-04-main--INFO -com.testingservice.tests.saucedemo.LoginTest:Response Message: OK
2022-12-04-main--INFO -com.testingservice.tests.saucedemo.LoginTest:Case Finished: GenerateToken
2022-12-04-main--INFO -com.testingservice.tests.saucedemo.LoginTest:Case Start: GenerateToken
2022-12-04-main--INFO -com.testingservice.tests.saucedemo.LoginTest:Response Protocol: http/1.1
2022-12-04-main--INFO -com.testingservice.tests.saucedemo.LoginTest:Response Is Successful: false
2022-12-04-main--INFO -com.testingservice.tests.saucedemo.LoginTest:Response Code: 400
2022-12-04-main--INFO -com.testingservice.tests.saucedemo.LoginTest:Response Message: Bad Request
2022-12-04-main--INFO -com.testingservice.tests.saucedemo.LoginTest:Case Finished: GenerateToken
2022-12-04-main--INFO -com.testingservice.tests.saucedemo.LoginTest:Case Start: GenerateToken
2022-12-04-main--INFO -com.testingservice.tests.saucedemo.LoginTest:Response Protocol: http/1.1
2022-12-04-main--INFO -com.testingservice.tests.saucedemo.LoginTest:Response Code: 200
2022-12-04-main--INFO -com.testingservice.tests.saucedemo.LoginTest:Response Message: OK
2022-12-04-main--INFO -com.testingservice.tests.saucedemo.LoginTest:Case Finished: GenerateToken
2022-12-04-main--INFO -com.testingservice.tests.saucedemo.LoginTest:Case Start: GenerateToken
2022-12-04-main--INFO -com.testingservice.tests.saucedemo.LoginTest:Response Protocol: http/1.1
2022-12-04-main--INFO -com.testingservice.tests.saucedemo.LoginTest:Response Code: 200
2022-12-04-main--INFO -com.testingservice.tests.saucedemo.LoginTest:Response Message: OK
2022-12-04-main--INFO -com.testingservice.tests.saucedemo.LoginTest:Case Finished: GenerateToken
2022-12-04-main--INFO -com.testingservice.tests.saucedemo.LoginTest:Case Start: GenerateToken
2022-12-04-main--INFO -com.testingservice.tests.saucedemo.LoginTest:Response Protocol: http/1.1
2022-12-04-main--INFO -com.testingservice.tests.saucedemo.LoginTest:Response Code: 200
2022-12-04-main--INFO -com.testingservice.tests.saucedemo.LoginTest:Response Message: OK
2022-12-04-main--INFO -com.testingservice.tests.saucedemo.LoginTest:Case Finished: GenerateToken
2022-12-04-main--INFO -com.testingservice.tests.saucedemo.LoginTest:Case Start: GenerateToken
2022-12-04-main--INFO -com.testingservice.tests.saucedemo.LoginTest:Response Protocol: http/1.1
2022-12-04-main--INFO -com.testingservice.tests.saucedemo.LoginTest:Response Code: 200
2022-12-04-main--INFO -com.testingservice.tests.saucedemo.LoginTest:Response Message: OK
2022-12-04-main--INFO -com.testingservice.tests.saucedemo.LoginTest:Case Finished: GenerateToken
2022-12-04-main--INFO -com.testingservice.tests.saucedemo.LoginTest:Case Start: Login
2022-12-04-main--INFO -com.testingservice.tests.saucedemo.LoginTest:Response Protocol: http/1.1
2022-12-04-main--INFO -com.testingservice.tests.saucedemo.LoginTest:Response Is Successful: false
2022-12-04-main--INFO -com.testingservice.tests.saucedemo.LoginTest:Response Code: 404
2022-12-04-main--INFO -com.testingservice.tests.saucedemo.LoginTest:Response Message: Not Found
2022-12-04-main--INFO -com.testingservice.tests.saucedemo.LoginTest:Case Finished: Login
2022-12-04-main--INFO -com.testingservice.tests.saucedemo.LoginTest:Case Start: Login
2022-12-04-main--INFO -com.testingservice.tests.saucedemo.LoginTest:Response Protocol: http/1.1
2022-12-04-main--INFO -com.testingservice.tests.saucedemo.LoginTest:Case Start: GenerateToken
2022-12-04-main--INFO -com.testingservice.tests.saucedemo.LoginTest:Response Protocol: http/1.1
2022-12-04-main--INFO -com.testingservice.tests.saucedemo.LoginTest:Response Code: 200
2022-12-04-main--INFO -com.testingservice.tests.saucedemo.LoginTest:Response Message: OK
2022-12-04-main--INFO -com.testingservice.tests.saucedemo.LoginTest:Case Finished: GenerateToken
2022-12-04-main--INFO -com.testingservice.tests.saucedemo.LoginTest:Case Start: Login
2022-12-04-main--INFO -com.testingservice.tests.saucedemo.LoginTest:Response Protocol: http/1.1
2022-12-04-main--INFO -com.testingservice.tests.saucedemo.LoginTest:Response Code: 200
2022-12-04-main--INFO -com.testingservice.tests.saucedemo.LoginTest:Response Message: OK
2022-12-04-main--INFO -com.testingservice.tests.saucedemo.LoginTest:Case Finished: Login
2022-12-04-main--INFO -com.testingservice.tests.saucedemo.LoginTest:Case Start: User
2022-12-04-main--INFO -com.testingservice.tests.saucedemo.LoginTest:Response Protocol: http/1.1
2022-12-04-main--INFO -com.testingservice.tests.saucedemo.LoginTest:Case Start: User
2022-12-04-main--INFO -com.testingservice.tests.saucedemo.LoginTest:Response Protocol: http/1.1
2022-12-04-main--INFO -com.testingservice.tests.saucedemo.LoginTest:Response Message: Not Acceptable
2022-12-04-main--INFO -com.testingservice.tests.saucedemo.LoginTest:Response Code: 406
2022-12-04-main--INFO -com.testingservice.tests.saucedemo.LoginTest:Case Start: User
2022-12-04-main--INFO -com.testingservice.tests.saucedemo.LoginTest:Response Protocol: http/1.1
2022-12-04-main--INFO -com.testingservice.tests.saucedemo.LoginTest:Response Message: Not Acceptable
2022-12-04-main--INFO -com.testingservice.tests.saucedemo.LoginTest:Response Code: 406
2022-12-04-main--INFO -com.testingservice.tests.saucedemo.LoginTest:Response{protocol=http/1.1, code=406, message=Not Acceptable, url=https://demoqa.com/Account/v1/User}
2022-12-04-main--INFO -com.testingservice.tests.saucedemo.LoginTest:Case Start: User
2022-12-04-main--INFO -com.testingservice.tests.saucedemo.LoginTest:Response Protocol: http/1.1
2022-12-04-main--INFO -com.testingservice.tests.saucedemo.LoginTest:Response Message: Created
2022-12-04-main--INFO -com.testingservice.tests.saucedemo.LoginTest:Response Code: 201
2022-12-04-main--INFO -com.testingservice.tests.saucedemo.LoginTest:Response{protocol=http/1.1, code=201, message=Created, url=https://demoqa.com/Account/v1/User}
2022-12-04-main--INFO -com.testingservice.tests.saucedemo.LoginTest:Case Finished: User
2022-12-04-main--INFO -com.testingservice.tests.saucedemo.LoginTest:Case Start: Login
2022-12-04-main--INFO -com.testingservice.tests.saucedemo.LoginTest:Case Start: Login
2022-12-04-main--INFO -com.testingservice.tests.saucedemo.LoginTest:Response Protocol: http/1.1
2022-12-04-main--INFO -com.testingservice.tests.saucedemo.LoginTest:Response Code: 200
2022-12-04-main--INFO -com.testingservice.tests.saucedemo.LoginTest:Response Message: OK
2022-12-04-main--INFO -com.testingservice.tests.saucedemo.LoginTest:Case Finished: Login
2022-12-04-main--INFO -com.testingservice.tests.saucedemo.LoginTest:Case Start: Login
2022-12-04-main--INFO -com.testingservice.tests.saucedemo.LoginTest:Response Protocol: http/1.1
2022-12-04-main--INFO -com.testingservice.tests.saucedemo.LoginTest:Response Code: 200
2022-12-04-main--INFO -com.testingservice.tests.saucedemo.LoginTest:Response Message: OK
2022-12-04-main--INFO -com.testingservice.tests.saucedemo.LoginTest:Case Finished: Login
2022-12-04-main--INFO -com.testingservice.tests.saucedemo.LoginTest:Case Start: Login
2022-12-04-main--INFO -com.testingservice.tests.saucedemo.LoginTest:Response Protocol: http/1.1
2022-12-04-main--INFO -com.testingservice.tests.saucedemo.LoginTest:Response Code: 200
2022-12-04-main--INFO -com.testingservice.tests.saucedemo.LoginTest:Response Message: OK
2022-12-04-main--INFO -com.testingservice.tests.saucedemo.LoginTest:Case Finished: Login
2022-12-04-main--INFO -com.testingservice.tests.saucedemo.LoginTest:Case Start: Login
2022-12-04-main--INFO -com.testingservice.tests.saucedemo.LoginTest:Response Protocol: http/1.1
2022-12-04-main--INFO -com.testingservice.tests.saucedemo.LoginTest:Response Code: 200
2022-12-04-main--INFO -com.testingservice.tests.saucedemo.LoginTest:Response Message: OK
2022-12-04-main--INFO -com.testingservice.tests.saucedemo.LoginTest:Case Finished: Login
2022-12-04-main--INFO -com.testingservice.tests.saucedemo.LoginTest:Case Start: Login
2022-12-04-main--INFO -com.testingservice.tests.saucedemo.LoginTest:[83, 107, 86, 76, 81, 84, 69, 121, 77, 122, 111, 103, 83, 109, 85, 120, 77, 106, 77, 120, 77, 106, 77, 117, 74, 65, 61, 61]
2022-12-04-main--INFO -com.testingservice.tests.saucedemo.LoginTest:Response Protocol: http/1.1
2022-12-04-main--INFO -com.testingservice.tests.saucedemo.LoginTest:Response Code: 200
2022-12-04-main--INFO -com.testingservice.tests.saucedemo.LoginTest:Response Message: OK
2022-12-04-main--INFO -com.testingservice.tests.saucedemo.LoginTest:Case Finished: Login
2022-12-04-main--INFO -com.testingservice.tests.saucedemo.LoginTest:Case Start: Login
2022-12-04-main--INFO -com.testingservice.tests.saucedemo.LoginTest:SkVLQTEyMzogSmUxMjMxMjMuJA==
2022-12-04-main--INFO -com.testingservice.tests.saucedemo.LoginTest:Response Protocol: http/1.1
2022-12-04-main--INFO -com.testingservice.tests.saucedemo.LoginTest:Response Code: 200
2022-12-04-main--INFO -com.testingservice.tests.saucedemo.LoginTest:Response Message: OK
2022-12-04-main--INFO -com.testingservice.tests.saucedemo.LoginTest:Case Finished: Login
2022-12-04-main--INFO -com.testingservice.tests.saucedemo.LoginTest:Case Start: Login
2022-12-04-main--INFO -com.testingservice.tests.saucedemo.LoginTest:Response Protocol: http/1.1
2022-12-04-main--INFO -com.testingservice.tests.saucedemo.LoginTest:Response Code: 400
2022-12-04-main--INFO -com.testingservice.tests.saucedemo.LoginTest:Response Message: Bad Request
2022-12-04-main--INFO -com.testingservice.tests.saucedemo.LoginTest:Case Start: Login
2022-12-04-main--INFO -com.testingservice.tests.saucedemo.LoginTest:Response Protocol: http/1.1
2022-12-04-main--INFO -com.testingservice.tests.saucedemo.LoginTest:Response Code: 200
2022-12-04-main--INFO -com.testingservice.tests.saucedemo.LoginTest:Response Message: OK
2022-12-04-main--INFO -com.testingservice.tests.saucedemo.LoginTest:Case Finished: Login
2022-12-04-main--INFO -com.testingservice.tests.saucedemo.LoginTest:Case Start: Login
2022-12-04-main--INFO -com.testingservice.tests.saucedemo.LoginTest:Response Protocol: http/1.1
2022-12-04-main--INFO -com.testingservice.tests.saucedemo.LoginTest:Response Code: 404
2022-12-04-main--INFO -com.testingservice.tests.saucedemo.LoginTest:Response Message: Not Found
2022-12-04-main--INFO -com.testingservice.tests.saucedemo.LoginTest:Case Start: Login
2022-12-04-main--INFO -com.testingservice.tests.saucedemo.LoginTest:Response Protocol: http/1.1
2022-12-04-main--INFO -com.testingservice.tests.saucedemo.LoginTest:Response Code: 200
2022-12-04-main--INFO -com.testingservice.tests.saucedemo.LoginTest:Response Message: OK
2022-12-04-main--INFO -com.testingservice.tests.saucedemo.LoginTest:Case Finished: Login
2022-12-04-main--INFO -com.testingservice.tests.saucedemo.LoginTest:Case Start: Login
2022-12-04-main--INFO -com.testingservice.tests.saucedemo.LoginTest:Response Protocol: http/1.1
2022-12-04-main--INFO -com.testingservice.tests.saucedemo.LoginTest:Response Code: 200
2022-12-04-main--INFO -com.testingservice.tests.saucedemo.LoginTest:Response Message: OK
2022-12-04-main--INFO -com.testingservice.tests.saucedemo.LoginTest:Case Finished: Login
2022-12-04-main--INFO -com.testingservice.tests.saucedemo.LoginTest:Case Start: Login
2022-12-04-main--INFO -com.testingservice.tests.saucedemo.LoginTest:Response Protocol: http/1.1
2022-12-04-main--INFO -com.testingservice.tests.saucedemo.LoginTest:Response Code: 200
2022-12-04-main--INFO -com.testingservice.tests.saucedemo.LoginTest:Response Message: OK
2022-12-04-main--INFO -com.testingservice.tests.saucedemo.LoginTest:Case Finished: Login
2022-12-04-main--INFO -com.testingservice.tests.saucedemo.LoginTest:Case Start: GenerateToken
2022-12-04-main--INFO -com.testingservice.tests.saucedemo.LoginTest:Response Protocol: http/1.1
2022-12-04-main--INFO -com.testingservice.tests.saucedemo.LoginTest:Response Code: 200
2022-12-04-main--INFO -com.testingservice.tests.saucedemo.LoginTest:Response Message: OK
2022-12-04-main--INFO -com.testingservice.tests.saucedemo.LoginTest:Case Finished: GenerateToken
2022-12-04-main--INFO -com.testingservice.tests.saucedemo.LoginTest:Case Start: GenerateToken
2022-12-04-main--INFO -com.testingservice.tests.saucedemo.LoginTest:Response Protocol: http/1.1
2022-12-04-main--INFO -com.testingservice.tests.saucedemo.LoginTest:Response Code: 200
2022-12-04-main--INFO -com.testingservice.tests.saucedemo.LoginTest:Response Message: OK
2022-12-04-main--INFO -com.testingservice.tests.saucedemo.LoginTest:Case Finished: GenerateToken
2022-12-04-main--INFO -com.testingservice.tests.saucedemo.LoginTest:Case Start: GenerateToken
2022-12-04-main--INFO -com.testingservice.tests.saucedemo.LoginTest:Response Protocol: http/1.1
2022-12-04-main--INFO -com.testingservice.tests.saucedemo.LoginTest:Response Code: 200
2022-12-04-main--INFO -com.testingservice.tests.saucedemo.LoginTest:Response Message: OK
2022-12-04-main--INFO -com.testingservice.tests.saucedemo.LoginTest:Case Finished: GenerateToken
2022-12-04-main--INFO -com.testingservice.tests.saucedemo.LoginTest:Case Start: User
2022-12-04-main--INFO -com.testingservice.tests.saucedemo.LoginTest:Response Protocol: http/1.1
2022-12-04-main--INFO -com.testingservice.tests.saucedemo.LoginTest:Response Message: Unauthorized
2022-12-04-main--INFO -com.testingservice.tests.saucedemo.LoginTest:Response Code: 401
2022-12-04-main--INFO -com.testingservice.tests.saucedemo.LoginTest:Response{protocol=http/1.1, code=401, message=Unauthorized, url=https://demoqa.com/Account/v1/User/SkVLQTEyMzogSmUxMjMxMjMuJA==}
2022-12-04-main--INFO -com.testingservice.tests.saucedemo.LoginTest:Case Start: User
2022-12-04-main--INFO -com.testingservice.tests.saucedemo.LoginTest:Response Protocol: http/1.1
2022-12-04-main--INFO -com.testingservice.tests.saucedemo.LoginTest:Response Message: Not Found
2022-12-04-main--INFO -com.testingservice.tests.saucedemo.LoginTest:Response Code: 404
2022-12-04-main--INFO -com.testingservice.tests.saucedemo.LoginTest:Response{protocol=http/1.1, code=404, message=Not Found, url=https://demoqa.com/Account/v1/User/SkVLQTEyMzogSmUxMjMxMjMuJA==}
2022-12-04-main--INFO -com.testingservice.tests.saucedemo.LoginTest:Case Start: User
2022-12-04-main--INFO -com.testingservice.tests.saucedemo.LoginTest:Response Protocol: http/1.1
2022-12-04-main--INFO -com.testingservice.tests.saucedemo.LoginTest:Response Message: Not Found
2022-12-04-main--INFO -com.testingservice.tests.saucedemo.LoginTest:Response Code: 404
2022-12-04-main--INFO -com.testingservice.tests.saucedemo.LoginTest:Response{protocol=http/1.1, code=404, message=Not Found, url=https://demoqa.com/Account/v1/User/SkVLQTEyMzQ6IEplMTIzMTIzLiQ=}
2022-12-04-main--INFO -com.testingservice.tests.saucedemo.LoginTest:Case Start: GenerateToken
2022-12-04-main--INFO -com.testingservice.tests.saucedemo.LoginTest:Response Protocol: http/1.1
2022-12-04-main--INFO -com.testingservice.tests.saucedemo.LoginTest:Response Code: 200
2022-12-04-main--INFO -com.testingservice.tests.saucedemo.LoginTest:Response Message: OK
2022-12-04-main--INFO -com.testingservice.tests.saucedemo.LoginTest:Response Body: okhttp3.internal.http.RealResponseBody@3a4621bd
2022-12-04-main--INFO -com.testingservice.tests.saucedemo.LoginTest:Case Finished: GenerateToken
2022-12-04-main--INFO -com.testingservice.tests.saucedemo.LoginTest:Case Start: GenerateToken
2022-12-04-main--INFO -com.testingservice.tests.saucedemo.LoginTest:Response Protocol: http/1.1
2022-12-04-main--INFO -com.testingservice.tests.saucedemo.LoginTest:Response Code: 200
2022-12-04-main--INFO -com.testingservice.tests.saucedemo.LoginTest:Response Message: OK
2022-12-04-main--INFO -com.testingservice.tests.saucedemo.LoginTest:Case Start: GenerateToken
2022-12-04-main--INFO -com.testingservice.tests.saucedemo.LoginTest:Response Protocol: http/1.1
2022-12-04-main--INFO -com.testingservice.tests.saucedemo.LoginTest:Response Code: 200
2022-12-04-main--INFO -com.testingservice.tests.saucedemo.LoginTest:Response Message: OK
2022-12-04-main--INFO -com.testingservice.tests.saucedemo.LoginTest:Case Finished: GenerateToken
2022-12-04-main--INFO -com.testingservice.tests.saucedemo.LoginTest:Case Start: GenerateToken
2022-12-04-main--INFO -com.testingservice.tests.saucedemo.LoginTest:Response Protocol: http/1.1
2022-12-04-main--INFO -com.testingservice.tests.saucedemo.LoginTest:Response Code: 200
2022-12-04-main--INFO -com.testingservice.tests.saucedemo.LoginTest:Response Message: OK
2022-12-04-main--INFO -com.testingservice.tests.saucedemo.LoginTest:Case Start: GenerateToken
2022-12-04-main--INFO -com.testingservice.tests.saucedemo.LoginTest:Response Protocol: http/1.1
2022-12-04-main--INFO -com.testingservice.tests.saucedemo.LoginTest:Response Code: 200
2022-12-04-main--INFO -com.testingservice.tests.saucedemo.LoginTest:Response Message: OK
2022-12-04-main--INFO -com.testingservice.tests.saucedemo.LoginTest:Case Start: GenerateToken
2022-12-04-main--INFO -com.testingservice.tests.saucedemo.LoginTest:Response Protocol: http/1.1
2022-12-04-main--INFO -com.testingservice.tests.saucedemo.LoginTest:Response Code: 200
2022-12-04-main--INFO -com.testingservice.tests.saucedemo.LoginTest:Response Message: OK
2022-12-04-main--INFO -com.testingservice.tests.saucedemo.LoginTest:Case Finished: GenerateToken
2022-12-04-main--INFO -com.testingservice.tests.saucedemo.LoginTest:Case Start: GenerateToken
2022-12-04-main--INFO -com.testingservice.tests.saucedemo.LoginTest:Response Protocol: http/1.1
2022-12-04-main--INFO -com.testingservice.tests.saucedemo.LoginTest:Response Code: 200
2022-12-04-main--INFO -com.testingservice.tests.saucedemo.LoginTest:Response Message: OK
2022-12-04-main--INFO -com.testingservice.tests.saucedemo.LoginTest:Case Finished: GenerateToken
2022-12-04-main--INFO -com.testingservice.tests.saucedemo.LoginTest:Case Start: GenerateToken
2022-12-04-main--INFO -com.testingservice.tests.saucedemo.LoginTest:Response Protocol: http/1.1
2022-12-04-main--INFO -com.testingservice.tests.saucedemo.LoginTest:Response Code: 200
2022-12-04-main--INFO -com.testingservice.tests.saucedemo.LoginTest:Response Message: OK
2022-12-04-main--INFO -com.testingservice.tests.saucedemo.LoginTest:Case Finished: GenerateToken
2022-12-04-main--INFO -com.testingservice.tests.saucedemo.LoginTest:Case Start: User
2022-12-04-main--INFO -com.testingservice.tests.saucedemo.LoginTest:Response Protocol: http/1.1
2022-12-04-main--INFO -com.testingservice.tests.saucedemo.LoginTest:Response Message: Not Found
2022-12-04-main--INFO -com.testingservice.tests.saucedemo.LoginTest:Response Code: 404
2022-12-04-main--INFO -com.testingservice.tests.saucedemo.LoginTest:Response{protocol=http/1.1, code=404, message=Not Found, url=https://demoqa.com/Account/v1/User/SkVLQTEyMzQ6SmUxMjMxMjMuJA==}
2022-12-04-main--INFO -com.testingservice.tests.saucedemo.LoginTest:Case Start: Login
2022-12-04-main--INFO -com.testingservice.tests.saucedemo.LoginTest:Response Protocol: http/1.1
2022-12-04-main--INFO -com.testingservice.tests.saucedemo.LoginTest:Response Code: 200
2022-12-04-main--INFO -com.testingservice.tests.saucedemo.LoginTest:Response Message: OK
2022-12-04-main--INFO -com.testingservice.tests.saucedemo.LoginTest:Case Finished: Login
2022-12-04-main--INFO -com.testingservice.tests.saucedemo.LoginTest:Case Start: GenerateToken
2022-12-04-main--INFO -com.testingservice.tests.saucedemo.LoginTest:Response Protocol: http/1.1
2022-12-04-main--INFO -com.testingservice.tests.saucedemo.LoginTest:Response Code: 200
2022-12-04-main--INFO -com.testingservice.tests.saucedemo.LoginTest:Response Message: OK
2022-12-04-main--INFO -com.testingservice.tests.saucedemo.LoginTest:Case Finished: GenerateToken
2022-12-04-main--INFO -com.testingservice.tests.saucedemo.LoginTest:Case Start: UserCreate
2022-12-04-main--INFO -com.testingservice.tests.saucedemo.LoginTest:Response Protocol: http/1.1
2022-12-04-main--INFO -com.testingservice.tests.saucedemo.LoginTest:Response Message: Not Acceptable
2022-12-04-main--INFO -com.testingservice.tests.saucedemo.LoginTest:Response Code: 406
2022-12-04-main--INFO -com.testingservice.tests.saucedemo.LoginTest:Response{protocol=http/1.1, code=406, message=Not Acceptable, url=https://demoqa.com/Account/v1/User/}
2022-12-04-main--INFO -com.testingservice.tests.saucedemo.LoginTest:Case Start: UserDelete
2022-12-04-main--INFO -com.testingservice.tests.saucedemo.LoginTest:Response Protocol: http/1.1
2022-12-04-main--INFO -com.testingservice.tests.saucedemo.LoginTest:Response Message: Unauthorized
2022-12-04-main--INFO -com.testingservice.tests.saucedemo.LoginTest:Response Code: 401
2022-12-04-main--INFO -com.testingservice.tests.saucedemo.LoginTest:Response{protocol=http/1.1, code=401, message=Unauthorized, url=https://demoqa.com/Account/v1/User/35dd7d3f-dbe5-4e02-aed6-330d8259714f}
2022-12-04-main--INFO -com.testingservice.tests.saucedemo.LoginTest:Case Start: UserDelete
2022-12-04-main--INFO -com.testingservice.tests.saucedemo.LoginTest:Response Protocol: http/1.1
2022-12-04-main--INFO -com.testingservice.tests.saucedemo.LoginTest:Response Message: Unauthorized
2022-12-04-main--INFO -com.testingservice.tests.saucedemo.LoginTest:Response Code: 401
2022-12-04-main--INFO -com.testingservice.tests.saucedemo.LoginTest:Response{protocol=http/1.1, code=401, message=Unauthorized, url=https://demoqa.com/Account/v1/User/35dd7d3f-dbe5-4e02-aed6-330d8259714f}
2022-12-04-main--INFO -com.testingservice.tests.saucedemo.LoginTest:Case Start: UserDelete
2022-12-04-main--INFO -com.testingservice.tests.saucedemo.LoginTest:Response Protocol: http/1.1
2022-12-04-main--INFO -com.testingservice.tests.saucedemo.LoginTest:Response Message: Unauthorized
2022-12-04-main--INFO -com.testingservice.tests.saucedemo.LoginTest:Response Code: 401
2022-12-04-main--INFO -com.testingservice.tests.saucedemo.LoginTest:Response{protocol=http/1.1, code=401, message=Unauthorized, url=https://demoqa.com/Account/v1/User/35dd7d3f-dbe5-4e02-aed6-330d8259714f}
2022-12-04-main--INFO -com.testingservice.tests.saucedemo.LoginTest:Case Start: UserDelete
2022-12-04-main--INFO -com.testingservice.tests.saucedemo.LoginTest:Case Start: Login
2022-12-04-main--INFO -com.testingservice.tests.saucedemo.LoginTest:Response Protocol: http/1.1
2022-12-04-main--INFO -com.testingservice.tests.saucedemo.LoginTest:Response Code: 200
2022-12-04-main--INFO -com.testingservice.tests.saucedemo.LoginTest:Response Message: OK
2022-12-04-main--INFO -com.testingservice.tests.saucedemo.LoginTest:Case Finished: Login
2022-12-04-main--INFO -com.testingservice.tests.saucedemo.LoginTest:Response Protocol: http/1.1
2022-12-04-main--INFO -com.testingservice.tests.saucedemo.LoginTest:Response Message: Unauthorized
2022-12-04-main--INFO -com.testingservice.tests.saucedemo.LoginTest:Response Code: 401
2022-12-04-main--INFO -com.testingservice.tests.saucedemo.LoginTest:Response{protocol=http/1.1, code=401, message=Unauthorized, url=https://demoqa.com/Account/v1/User/35dd7d3f-dbe5-4e02-aed6-330d8259714f}
2022-12-04-main--INFO -com.testingservice.tests.saucedemo.LoginTest:Case Start: UserDelete
2022-12-04-main--INFO -com.testingservice.tests.saucedemo.LoginTest:Case Start: Login
2022-12-04-main--INFO -com.testingservice.tests.saucedemo.LoginTest:Response Protocol: http/1.1
2022-12-04-main--INFO -com.testingservice.tests.saucedemo.LoginTest:Response Code: 200
2022-12-04-main--INFO -com.testingservice.tests.saucedemo.LoginTest:Response Message: OK
2022-12-04-main--INFO -com.testingservice.tests.saucedemo.LoginTest:Case Finished: Login
2022-12-04-main--INFO -com.testingservice.tests.saucedemo.LoginTest:Response Protocol: http/1.1
2022-12-04-main--INFO -com.testingservice.tests.saucedemo.LoginTest:Response Message: No Content
2022-12-04-main--INFO -com.testingservice.tests.saucedemo.LoginTest:Response Code: 204
2022-12-04-main--INFO -com.testingservice.tests.saucedemo.LoginTest:Response{protocol=http/1.1, code=204, message=No Content, url=https://demoqa.com/Account/v1/User/a0fa4d78-eee2-4d47-9671-218ea8fc4496}
2022-12-04-main--INFO -com.testingservice.tests.saucedemo.LoginTest:Case Finished: UserDelete
2022-12-04-main--INFO -com.testingservice.tests.saucedemo.LoginTest:Case Start: UserDelete
2022-12-04-main--INFO -com.testingservice.tests.saucedemo.LoginTest:Case Start: Login
2022-12-04-main--INFO -com.testingservice.tests.saucedemo.LoginTest:Response Protocol: http/1.1
2022-12-04-main--INFO -com.testingservice.tests.saucedemo.LoginTest:Response Code: 200
2022-12-04-main--INFO -com.testingservice.tests.saucedemo.LoginTest:Response Message: OK
2022-12-04-main--INFO -com.testingservice.tests.saucedemo.LoginTest:Case Finished: Login
2022-12-04-main--INFO -com.testingservice.tests.saucedemo.LoginTest:Response Protocol: http/1.1
2022-12-04-main--INFO -com.testingservice.tests.saucedemo.LoginTest:Response Message: No Content
2022-12-04-main--INFO -com.testingservice.tests.saucedemo.LoginTest:Response Code: 204
2022-12-04-main--INFO -com.testingservice.tests.saucedemo.LoginTest:Response{protocol=http/1.1, code=204, message=No Content, url=https://demoqa.com/Account/v1/User/bfc7926d-e0bf-4438-9fed-65beaa7b4eac}
2022-12-04-main--INFO -com.testingservice.tests.saucedemo.LoginTest:Case Finished: UserDelete
2022-12-04-main--INFO -com.testingservice.tests.saucedemo.LoginTest:Case Start: UserCreate
2022-12-04-main--INFO -com.testingservice.tests.saucedemo.LoginTest:Response Protocol: http/1.1
2022-12-04-main--INFO -com.testingservice.tests.saucedemo.LoginTest:Response Message: Created
2022-12-04-main--INFO -com.testingservice.tests.saucedemo.LoginTest:Response Code: 201
2022-12-04-main--INFO -com.testingservice.tests.saucedemo.LoginTest:Response{protocol=http/1.1, code=201, message=Created, url=https://demoqa.com/Account/v1/User/}
2022-12-04-main--INFO -com.testingservice.tests.saucedemo.LoginTest:Case Finished: UserCreate
2022-12-04-main--INFO -com.testingservice.tests.saucedemo.LoginTest:Case Start: UserCreate
2022-12-04-main--INFO -com.testingservice.tests.saucedemo.LoginTest:Response Protocol: http/1.1
2022-12-04-main--INFO -com.testingservice.tests.saucedemo.LoginTest:Response Message: Created
2022-12-04-main--INFO -com.testingservice.tests.saucedemo.LoginTest:Response Code: 201
2022-12-04-main--INFO -com.testingservice.tests.saucedemo.LoginTest:okhttp3.internal.http.RealResponseBody@10cf09e8
2022-12-04-main--INFO -com.testingservice.tests.saucedemo.LoginTest:Case Finished: UserCreate
2022-12-04-main--INFO -com.testingservice.tests.saucedemo.LoginTest:Case Start: UserCreate
2022-12-04-main--INFO -com.testingservice.tests.saucedemo.LoginTest:Response Protocol: http/1.1
2022-12-04-main--INFO -com.testingservice.tests.saucedemo.LoginTest:Response Message: Not Acceptable
2022-12-04-main--INFO -com.testingservice.tests.saucedemo.LoginTest:Response Code: 406
2022-12-04-main--INFO -com.testingservice.tests.saucedemo.LoginTest:Case Start: UserCreate
2022-12-04-main--INFO -com.testingservice.tests.saucedemo.LoginTest:Response Protocol: http/1.1
2022-12-04-main--INFO -com.testingservice.tests.saucedemo.LoginTest:Response Message: Created
2022-12-04-main--INFO -com.testingservice.tests.saucedemo.LoginTest:Response Code: 201
2022-12-04-main--INFO -com.testingservice.tests.saucedemo.LoginTest:{"userID":"f7418918-602a-46bf-8f31-852911b1eb11","username":"JEKA100","books":[]}
2022-12-04-main--INFO -com.testingservice.tests.saucedemo.LoginTest:Case Finished: UserCreate
2022-12-04-main--INFO -com.testingservice.tests.saucedemo.LoginTest:Case Start: UserDelete
2022-12-04-main--INFO -com.testingservice.tests.saucedemo.LoginTest:Case Start: Login
2022-12-04-main--INFO -com.testingservice.tests.saucedemo.LoginTest:Response Protocol: http/1.1
2022-12-04-main--INFO -com.testingservice.tests.saucedemo.LoginTest:Response Code: 200
2022-12-04-main--INFO -com.testingservice.tests.saucedemo.LoginTest:Response Message: OK
2022-12-04-main--INFO -com.testingservice.tests.saucedemo.LoginTest:Case Finished: Login
2022-12-04-main--INFO -com.testingservice.tests.saucedemo.LoginTest:Response Protocol: http/1.1
2022-12-04-main--INFO -com.testingservice.tests.saucedemo.LoginTest:Response Message: No Content
2022-12-04-main--INFO -com.testingservice.tests.saucedemo.LoginTest:Response Code: 204
2022-12-04-main--INFO -com.testingservice.tests.saucedemo.LoginTest:Response{protocol=http/1.1, code=204, message=No Content, url=https://demoqa.com/Account/v1/User/f7418918-602a-46bf-8f31-852911b1eb11}
2022-12-04-main--INFO -com.testingservice.tests.saucedemo.LoginTest:Case Finished: UserDelete
2022-12-04-main--INFO -com.testingservice.tests.saucedemo.LoginTest:Case Start: UserDelete
2022-12-04-main--INFO -com.testingservice.tests.saucedemo.LoginTest:Case Start: Login
2022-12-04-main--INFO -com.testingservice.tests.saucedemo.LoginTest:Response Protocol: http/1.1
2022-12-04-main--INFO -com.testingservice.tests.saucedemo.LoginTest:Response Code: 404
2022-12-04-main--INFO -com.testingservice.tests.saucedemo.LoginTest:Response Message: Not Found
2022-12-04-main--INFO -com.testingservice.tests.saucedemo.LoginTest:Case Start: Login
2022-12-04-main--INFO -com.testingservice.tests.saucedemo.LoginTest:Response Protocol: http/1.1
2022-12-04-main--INFO -com.testingservice.tests.saucedemo.LoginTest:Response Code: 200
2022-12-04-main--INFO -com.testingservice.tests.saucedemo.LoginTest:Response Message: OK
2022-12-04-main--INFO -com.testingservice.tests.saucedemo.LoginTest:true
2022-12-04-main--INFO -com.testingservice.tests.saucedemo.LoginTest:Case Finished: Login
2022-12-04-main--INFO -com.testingservice.tests.saucedemo.LoginTest:Case Start: UserGet
2022-12-04-main--INFO -com.testingservice.tests.saucedemo.LoginTest:Response Protocol: http/1.1
2022-12-04-main--INFO -com.testingservice.tests.saucedemo.LoginTest:Response Message: OK
2022-12-04-main--INFO -com.testingservice.tests.saucedemo.LoginTest:Response Code: 200
2022-12-04-main--INFO -com.testingservice.tests.saucedemo.LoginTest:Response{protocol=http/1.1, code=200, message=OK, url=https://demoqa.com/Account/v1/User/f1a10c3e-7b87-46e6-8e62-6cd9355efeeb}
2022-12-04-main--INFO -com.testingservice.tests.saucedemo.LoginTest:Body: {"userId":"f1a10c3e-7b87-46e6-8e62-6cd9355efeeb","username":"JEKA1234","books":[]}
2022-12-04-main--INFO -com.testingservice.tests.saucedemo.LoginTest:Case Finished: UserGet
2022-12-04-main--INFO -com.testingservice.tests.saucedemo.LoginTest:Case Start: UserGet
2022-12-04-main--INFO -com.testingservice.tests.saucedemo.LoginTest:Response Protocol: http/1.1
2022-12-04-main--INFO -com.testingservice.tests.saucedemo.LoginTest:Response Message: OK
2022-12-04-main--INFO -com.testingservice.tests.saucedemo.LoginTest:Response Code: 200
2022-12-04-main--INFO -com.testingservice.tests.saucedemo.LoginTest:Response{protocol=http/1.1, code=200, message=OK, url=https://demoqa.com/Account/v1/User/f1a10c3e-7b87-46e6-8e62-6cd9355efeeb}
2022-12-04-main--INFO -com.testingservice.tests.saucedemo.LoginTest:Body: {"userId":"f1a10c3e-7b87-46e6-8e62-6cd9355efeeb","username":"JEKA1234","books":[]}
2022-12-04-main--INFO -com.testingservice.tests.saucedemo.LoginTest:Case Finished: UserGet
2022-12-04-main--INFO -com.testingservice.tests.saucedemo.LoginTest:Case Start: BooksGet
2022-12-04-main--INFO -com.testingservice.tests.saucedemo.LoginTest:Response Protocol: http/1.1
2022-12-04-main--INFO -com.testingservice.tests.saucedemo.LoginTest:Response Code: 200
2022-12-04-main--INFO -com.testingservice.tests.saucedemo.LoginTest:Response Message: OK
2022-12-04-main--INFO -com.testingservice.tests.saucedemo.LoginTest:Body: {"books":[{"isbn":"9781449325862","title":"Git Pocket Guide","subTitle":"A Working Introduction","author":"Richard E. Silverman","publish_date":"2020-06-04T08:48:39.000Z","publisher":"O'Reilly Media","pages":234,"description":"This pocket guide is the perfect on-the-job companion to Git, the distributed version control system. It provides a compact, readable introduction to Git for new users, as well as a reference to common commands and procedures for those of you with Git exp","website":"http://chimera.labs.oreilly.com/books/1230000000561/index.html"},{"isbn":"9781449331818","title":"Learning JavaScript Design Patterns","subTitle":"A JavaScript and jQuery Developer's Guide","author":"Addy Osmani","publish_date":"2020-06-04T09:11:40.000Z","publisher":"O'Reilly Media","pages":254,"description":"With Learning JavaScript Design Patterns, you'll learn how to write beautiful, structured, and maintainable JavaScript by applying classical and modern design patterns to the language. If you want to keep your code efficient, more manageable, and up-to-da","website":"http://www.addyosmani.com/resources/essentialjsdesignpatterns/book/"},{"isbn":"9781449337711","title":"Designing Evolvable Web APIs with ASP.NET","subTitle":"Harnessing the Power of the Web","author":"Glenn Block et al.","publish_date":"2020-06-04T09:12:43.000Z","publisher":"O'Reilly Media","pages":238,"description":"Design and build Web APIs for a broad range of clients—including browsers and mobile devices—that can adapt to change over time. This practical, hands-on guide takes you through the theory and tools you need to build evolvable HTTP services with Microsoft","website":"http://chimera.labs.oreilly.com/books/1234000001708/index.html"},{"isbn":"9781449365035","title":"Speaking JavaScript","subTitle":"An In-Depth Guide for Programmers","author":"Axel Rauschmayer","publish_date":"2014-02-01T00:00:00.000Z","publisher":"O'Reilly Media","pages":460,"description":"Like it or not, JavaScript is everywhere these days-from browser to server to mobile-and now you, too, need to learn the language or dive deeper than you have. This concise book guides you into and through JavaScript, written by a veteran programmer who o","website":"http://speakingjs.com/"},{"isbn":"9781491904244","title":"You Don't Know JS","subTitle":"ES6 & Beyond","author":"Kyle Simpson","publish_date":"2015-12-27T00:00:00.000Z","publisher":"O'Reilly Media","pages":278,"description":"No matter how much experience you have with JavaScript, odds are you don’t fully understand the language. As part of the \\\"You Don’t Know JS\\\" series, this compact guide focuses on new features available in ECMAScript 6 (ES6), the latest version of the st","website":"https://github.com/getify/You-Dont-Know-JS/tree/master/es6%20&%20beyond"},{"isbn":"9781491950296","title":"Programming JavaScript Applications","subTitle":"Robust Web Architecture with Node, HTML5, and Modern JS Libraries","author":"Eric Elliott","publish_date":"2014-07-01T00:00:00.000Z","publisher":"O'Reilly Media","pages":254,"description":"Take advantage of JavaScript's power to build robust web-scale or enterprise applications that are easy to extend and maintain. By applying the design patterns outlined in this practical book, experienced JavaScript developers will learn how to write flex","website":"http://chimera.labs.oreilly.com/books/1234000000262/index.html"},{"isbn":"9781593275846","title":"Eloquent JavaScript, Second Edition","subTitle":"A Modern Introduction to Programming","author":"Marijn Haverbeke","publish_date":"2014-12-14T00:00:00.000Z","publisher":"No Starch Press","pages":472,"description":"JavaScript lies at the heart of almost every modern web application, from social apps to the newest browser-based games. Though simple for beginners to pick up and play with, JavaScript is a flexible, complex language that you can use to build full-scale ","website":"http://eloquentjavascript.net/"},{"isbn":"9781593277574","title":"Understanding ECMAScript 6","subTitle":"The Definitive Guide for JavaScript Developers","author":"Nicholas C. Zakas","publish_date":"2016-09-03T00:00:00.000Z","publisher":"No Starch Press","pages":352,"description":"ECMAScript 6 represents the biggest update to the core of JavaScript in the history of the language. In Understanding ECMAScript 6, expert developer Nicholas C. Zakas provides a complete guide to the object types, syntax, and other exciting changes that E","website":"https://leanpub.com/understandinges6/read"}]}
2022-12-04-main--INFO -com.testingservice.tests.saucedemo.LoginTest:Case Finished: BooksGet
